<?xml version="1.0" encoding="UTF-8"?>
<!-- Generated by org.testng.reporters.JUnitReportReporter -->
<testsuite hostname="DESKTOP-HVLADVB" failures="0" tests="1" name="com.crm.qa.testcases.LoginPageTest" time="29.264" errors="0" timestamp="26 Sep 2021 11:09:32 GMT" skipped="0">
  <testcase classname="com.crm.qa.testcases.LoginPageTest" name="loginTest" time="29.264"/>
</testsuite> <!-- com.crm.qa.testcases.LoginPageTest -->
